[35m[Appium][39m Welcome to Appium v1.22.3
[35m[Appium][39m Non-default server args:
[35m[Appium][39m   port: 57126
[35m[Appium][39m   loglevel: info
[35m[Appium][39m   tmpDir: C:\Users\ACER\AppData\Local\Temp\\Katalon\Appium\Temp1731666271536
[35m[Appium][39m   chromedriverPort: 57127
[35m[Appium][39m Deprecated server args:
[35m[Appium][39m   [31m--chromedriver-port[39m => --default-capabilities
[35m[Appium][39m Default capabilities, which will be added to each request unless overridden by desired capabilities:
[35m[Appium][39m   chromedriverPort: 57127
[35m[Appium][39m Appium REST http interface listener started on 0.0.0.0:57126
[35m[HTTP][39m [37m-->[39m [37mGET[39m [37m/wd/hub/status[39m
[35m[HTTP][39m [90m{}[39m
[35m[HTTP][39m [37m<-- GET /wd/hub/status [39m[32m200[39m [90m4 ms - 68[39m
[35m[HTTP][39m [90m[39m
[35m[HTTP][39m [37m-->[39m [37mGET[39m [37m/wd/hub/status[39m
[35m[HTTP][39m [90m{}[39m
[35m[HTTP][39m [37m<-- GET /wd/hub/status [39m[32m200[39m [90m1 ms - 68[39m
[35m[HTTP][39m [90m[39m
[35m[HTTP][39m [37m-->[39m [37mPOST[39m [37m/wd/hub/session[39m
[35m[HTTP][39m [90m{"desiredCapabilities":{"appPackage":"com.android.settings","deviceId":"537848b2","deviceName":"Xiaomi 23021RAA2Y (Android 14)","platform":"ANDROID","appActivity":".Settings","newCommandTimeout":1800,"platformVersion":"14","automationName":"uiautomator2","autoGrantPermissions":true,"platformName":"Android","udid":"537848b2","systemPort":8255},"capabilities":{"firstMatch":[{"appium:appActivity":".Settings","appium:appPackage":"com.android.settings","appium:autoGrantPermissions":true,"appium:automationName":"uiautomator2","deviceId":"537848b2","appium:deviceName":"Xiaomi 23021RAA2Y (Android 14)","appium:newCommandTimeout":1800,"platform":"ANDROID","platformName":"android","appium:platformVersion":"14","appium:systemPort":8255,"appium:udid":"537848b2"}]}}[39m
[35m[BaseDriver][39m The following capabilities are not standard capabilities and should have an extension prefix:
[35m[BaseDriver][39m   deviceId
[35m[BaseDriver][39m   platform
[35m[BaseDriver][39m   chromedriverPort
[35m[Appium][39m Appium v1.22.3 creating new AndroidUiautomator2Driver (v1.70.1) session
[35m[BaseDriver][39m The following capabilities were provided, but are not recognized by Appium:
[35m[BaseDriver][39m   deviceId
[35m[BaseDriver][39m   platform
[35m[BaseDriver][39m Session created with session id: b37f2a39-fe50-4705-9fe4-9d042403d7df
[35m[UiAutomator2][39m Starting 'com.android.settings' directly on the device
[35m[ADB][39m Found 12 'build-tools' folders under 'C:\Users\ACER\AppData\Local\Android\Sdk' (newest first):
[35m[ADB][39m     C:/Users/ACER/AppData/Local/Android/Sdk/build-tools/35.0.0
[35m[ADB][39m     C:/Users/ACER/AppData/Local/Android/Sdk/build-tools/34.0.0
[35m[ADB][39m     C:/Users/ACER/AppData/Local/Android/Sdk/build-tools/33.0.1
[35m[ADB][39m     C:/Users/ACER/AppData/Local/Android/Sdk/build-tools/30.0.3
[35m[ADB][39m     C:/Users/ACER/AppData/Local/Android/Sdk/build-tools/30.0.2
[35m[ADB][39m     C:/Users/ACER/AppData/Local/Android/Sdk/build-tools/30.0.1
[35m[ADB][39m     C:/Users/ACER/AppData/Local/Android/Sdk/build-tools/29.0.3
[35m[ADB][39m     C:/Users/ACER/AppData/Local/Android/Sdk/build-tools/29.0.2
[35m[ADB][39m     C:/Users/ACER/AppData/Local/Android/Sdk/build-tools/29.0.1
[35m[ADB][39m     C:/Users/ACER/AppData/Local/Android/Sdk/build-tools/29.0.0
[35m[ADB][39m     C:/Users/ACER/AppData/Local/Android/Sdk/build-tools/28.0.3
[35m[ADB][39m     C:/Users/ACER/AppData/Local/Android/Sdk/build-tools/27.0.3
[35m[ADB][39m Using 'adb.exe' from 'C:\Users\ACER\AppData\Local\Android\Sdk\platform-tools\adb.exe'
[35m[AndroidDriver][39m Retrieving device list
[35m[AndroidDriver][39m Using device: 537848b2
[35m[ADB][39m Using 'adb.exe' from 'C:\Users\ACER\AppData\Local\Android\Sdk\platform-tools\adb.exe'
[35m[ADB][39m Getting device platform version
[35m[UiAutomator2][39m Relaxing hidden api policy
[35m[AndroidDriver][39m No app sent in, not parsing package/activity
[35m[ADB][39m Using 'apksigner.jar' from 'C:\Users\ACER\AppData\Local\Android\Sdk\build-tools\35.0.0\lib\apksigner.jar'
[35m[ADB][39m 'C:\Users\ACER\AppData\Roaming\npm\node_modules\appium\node_modules\appium-uiautomator2-server\apks\appium-uiautomator2-server-v4.27.0.apk' is signed with the default certificate
[35m[ADB][39m 'C:\Users\ACER\AppData\Roaming\npm\node_modules\appium\node_modules\appium-uiautomator2-server\apks\appium-uiautomator2-server-debug-androidTest.apk' is signed with the default certificate
[35m[UiAutomator2][39m Server packages are not going to be (re)installed
[35m[ADB][39m Adding packages ["io.appium.settings","io.appium.uiautomator2.server","io.appium.uiautomator2.server.test"] to Doze whitelist
[35m[UiAutomator2][39m Starting UIAutomator2 server 4.27.0
[35m[UiAutomator2][39m Using UIAutomator2 server from 'C:\Users\ACER\AppData\Roaming\npm\node_modules\appium\node_modules\appium-uiautomator2-server\apks\appium-uiautomator2-server-v4.27.0.apk' and test from 'C:\Users\ACER\AppData\Roaming\npm\node_modules\appium\node_modules\appium-uiautomator2-server\apks\appium-uiautomator2-server-debug-androidTest.apk'
[35m[UiAutomator2][39m Waiting up to 30000ms for UiAutomator2 to be online...
[35m[WD Proxy][39m socket hang up
[35m[WD Proxy][39m socket hang up
[35m[WD Proxy][39m socket hang up
[35m[WD Proxy][39m Determined the downstream protocol as 'W3C'
[35m[AndroidDriver][39m Screen already unlocked, doing nothing
[35m[UiAutomator2][39m Starting 'com.android.settings/.Settings and waiting for 'com.android.settings/.Settings'
[35m[Appium][39m New AndroidUiautomator2Driver session created successfully, session b37f2a39-fe50-4705-9fe4-9d042403d7df added to master session list
[35m[HTTP][39m [37m<-- POST /wd/hub/session [39m[32m200[39m [90m10376 ms - 1191[39m
[35m[HTTP][39m [90m[39m
[35m[HTTP][39m [37m-->[39m [37mGET[39m [37m/wd/hub/session/b37f2a39-fe50-4705-9fe4-9d042403d7df[39m
[35m[HTTP][39m [90m{}[39m
[35m[HTTP][39m [37m<-- GET /wd/hub/session/b37f2a39-fe50-4705-9fe4-9d042403d7df [39m[32m200[39m [90m10 ms - 1145[39m
[35m[HTTP][39m [90m[39m
[35m[HTTP][39m [37m-->[39m [37mGET[39m [37m/wd/hub/session/b37f2a39-fe50-4705-9fe4-9d042403d7df[39m
[35m[HTTP][39m [90m{}[39m
[35m[HTTP][39m [37m<-- GET /wd/hub/session/b37f2a39-fe50-4705-9fe4-9d042403d7df [39m[32m200[39m [90m12 ms - 1145[39m
[35m[HTTP][39m [90m[39m
[35m[HTTP][39m [37m-->[39m [37mGET[39m [37m/wd/hub/status[39m
[35m[HTTP][39m [90m{}[39m
[35m[HTTP][39m [37m<-- GET /wd/hub/status [39m[32m200[39m [90m1 ms - 68[39m
[35m[HTTP][39m [90m[39m
[35m[HTTP][39m [37m-->[39m [37mPOST[39m [37m/wd/hub/session/b37f2a39-fe50-4705-9fe4-9d042403d7df/timeouts[39m
[35m[HTTP][39m [90m{"implicit":60000}[39m
[35m[HTTP][39m [37m<-- POST /wd/hub/session/b37f2a39-fe50-4705-9fe4-9d042403d7df/timeouts [39m[32m200[39m [90m2 ms - 14[39m
[35m[HTTP][39m [90m[39m
[35m[HTTP][39m [37m-->[39m [37mGET[39m [37m/wd/hub/session/b37f2a39-fe50-4705-9fe4-9d042403d7df/screenshot[39m
[35m[HTTP][39m [90m{}[39m
[35m[HTTP][39m [37m<-- GET /wd/hub/session/b37f2a39-fe50-4705-9fe4-9d042403d7df/screenshot [39m[32m200[39m [90m2722 ms - 4337034[39m
[35m[HTTP][39m [90m[39m
[35m[HTTP][39m [37m-->[39m [37mGET[39m [37m/wd/hub/session/b37f2a39-fe50-4705-9fe4-9d042403d7df/window/rect[39m
[35m[HTTP][39m [90m{}[39m
[35m[HTTP][39m [37m<-- GET /wd/hub/session/b37f2a39-fe50-4705-9fe4-9d042403d7df/window/rect [39m[32m200[39m [90m22 ms - 50[39m
[35m[HTTP][39m [90m[39m
[35m[HTTP][39m [37m-->[39m [37mGET[39m [37m/wd/hub/session/b37f2a39-fe50-4705-9fe4-9d042403d7df/appium/device/system_bars[39m
[35m[HTTP][39m [90m{}[39m
[35m[HTTP][39m [37m<-- GET /wd/hub/session/b37f2a39-fe50-4705-9fe4-9d042403d7df/appium/device/system_bars [39m[32m200[39m [90m147 ms - 145[39m
[35m[HTTP][39m [90m[39m
[35m[HTTP][39m [37m-->[39m [37mPOST[39m [37m/wd/hub/session/b37f2a39-fe50-4705-9fe4-9d042403d7df/appium/device/activate_app[39m
[35m[HTTP][39m [90m{"bundleId":"com.bahana.dxtrade2.cr"}[39m
[35m[HTTP][39m [37m<-- POST /wd/hub/session/b37f2a39-fe50-4705-9fe4-9d042403d7df/appium/device/activate_app [39m[32m200[39m [90m502 ms - 14[39m
[35m[HTTP][39m [90m[39m
[35m[HTTP][39m [37m-->[39m [37mGET[39m [37m/wd/hub/session/b37f2a39-fe50-4705-9fe4-9d042403d7df/source[39m
[35m[HTTP][39m [90m{}[39m
[35m[W3C (b37f2a39)][39m Driver proxy active, passing request on via HTTP proxy
[35m[WD Proxy][39m Replacing sessionId 303a4ee7-e1a3-4eaf-880b-a14d796f55bf with b37f2a39-fe50-4705-9fe4-9d042403d7df
[35m[HTTP][39m [37m<-- GET /wd/hub/session/b37f2a39-fe50-4705-9fe4-9d042403d7df/source [39m[32m200[39m [90m916 ms - 38069[39m
[35m[HTTP][39m [90m[39m
[35m[HTTP][39m [37m-->[39m [37mGET[39m [37m/wd/hub/session/b37f2a39-fe50-4705-9fe4-9d042403d7df/screenshot[39m
[35m[HTTP][39m [90m{}[39m
[35m[HTTP][39m [37m<-- GET /wd/hub/session/b37f2a39-fe50-4705-9fe4-9d042403d7df/screenshot [39m[32m200[39m [90m2495 ms - 4066560[39m
[35m[HTTP][39m [90m[39m
[35m[HTTP][39m [37m-->[39m [37mGET[39m [37m/wd/hub/session/b37f2a39-fe50-4705-9fe4-9d042403d7df/source[39m
[35m[HTTP][39m [90m{}[39m
[35m[W3C (b37f2a39)][39m Driver proxy active, passing request on via HTTP proxy
[35m[WD Proxy][39m Replacing sessionId 303a4ee7-e1a3-4eaf-880b-a14d796f55bf with b37f2a39-fe50-4705-9fe4-9d042403d7df
[35m[HTTP][39m [37m<-- GET /wd/hub/session/b37f2a39-fe50-4705-9fe4-9d042403d7df/source [39m[32m200[39m [90m1377 ms - 8353[39m
[35m[HTTP][39m [90m[39m
[35m[HTTP][39m [37m-->[39m [37mGET[39m [37m/wd/hub/session/b37f2a39-fe50-4705-9fe4-9d042403d7df/screenshot[39m
[35m[HTTP][39m [90m{}[39m
[35m[HTTP][39m [37m<-- GET /wd/hub/session/b37f2a39-fe50-4705-9fe4-9d042403d7df/screenshot [39m[32m200[39m [90m2833 ms - 4505142[39m
[35m[HTTP][39m [90m[39m
[35m[HTTP][39m [37m-->[39m [37mDELETE[39m [37m/wd/hub/session/b37f2a39-fe50-4705-9fe4-9d042403d7df[39m
[35m[HTTP][39m [90m{}[39m
[35m[Appium][39m Removing session b37f2a39-fe50-4705-9fe4-9d042403d7df from our master session list
[35m[UiAutomator2][39m Restoring hidden api policy to the device default configuration
[35m[HTTP][39m [37m<-- DELETE /wd/hub/session/b37f2a39-fe50-4705-9fe4-9d042403d7df [39m[32m200[39m [90m476 ms - 14[39m
[35m[HTTP][39m [90m[39m
